<?xml version="1.0" encoding="UTF-8" ?>
<testsuite tests="8" failures="0" name="com.excercise.product.CheckoutImplTest" time="0.046" errors="0" skipped="0">
  <properties>
[...]
</properties>
  <testcase classname="com.excercise.product.CheckoutImplTest" name="testcheckout" time="0.046"/>
  <testcase classname="com.excercise.product.CheckoutImplTest" name="testCheckout_ABs" time="0"/>
  <testcase classname="com.excercise.product.CheckoutImplTest" name="testCheckout_ACs" time="0"/>
  <testcase classname="com.excercise.product.CheckoutImplTest" name="testCheckout_BCs" time="0"/>
  <testcase classname="com.excercise.product.CheckoutImplTest" name="testApplyDiscounts" time="0"/>
  <testcase classname="com.excercise.product.CheckoutImplTest" name="testCheckoutinvalid" time="0"/>
  <testcase classname="com.excercise.product.CheckoutImplTest" name="testCheckout_As" time="0"/>
  <testcase classname="com.excercise.product.CheckoutImplTest" name="testCheckout_Bs" time="0"/>
</testsuite>